2024/05/08 23:06:55 respuesta del servidor: 200 OK
2024/05/08 23:09:55 error enviando PCB: parse ":8001": missing protocol scheme
2024/05/09 15:50:30 error enviando PCB: Post "http://localhost:8006/PCB": dial tcp 127.0.0.1:8006: connect: connection refused
2024/05/09 15:51:07 error enviando PCB: Post "http://localhost:8006/PCB": dial tcp 127.0.0.1:8006: connect: connection refused
2024/05/09 15:52:04 respuesta del servidor: 200 OK
2024/05/09 15:52:29 respuesta del servidor: 200 OK
2024/05/09 15:52:35 respuesta del servidor: 200 OK
2024/05/09 15:52:40 respuesta del servidor: 200 OK
2024/05/09 15:52:43 respuesta del servidor: 200 OK
2024/05/09 15:52:45 respuesta del servidor: 200 OK
2024/05/09 15:53:53 respuesta del servidor: 200 OK
2024/05/09 15:53:59 respuesta del servidor: 200 OK
2024/05/09 15:54:04 respuesta del servidor: 200 OK
2024/05/09 15:54:06 respuesta del servidor: 200 OK
2024/05/09 15:54:08 respuesta del servidor: 200 OK
2024/05/09 15:54:10 respuesta del servidor: 200 OK
2024/05/09 15:54:14 respuesta del servidor: 200 OK
2024/05/09 17:42:40 
Se planifica por Round Robin
2024/05/09 17:42:40 
Planifico por RR switch case 2
2024/05/09 17:42:40 error enviando PCB: Post "http://localhost:8006/PCB": dial tcp 127.0.0.1:8006: connect: connection refused
2024/05/09 17:43:21 
Se planifica por Round Robin
2024/05/09 17:43:21 
Planifico por RR switch case 2
2024/05/09 17:43:21 respuesta del servidor: 200 OK
2024/05/09 17:44:20 
Se planifica por Round Robin
2024/05/09 17:44:20 
Planifico por RR switch case 2
2024/05/09 17:44:20 respuesta del servidor: 200 OK
2024/05/09 17:44:28 
Se planifica por Round Robin
2024/05/09 17:44:28 
Planifico por RR switch case 2
2024/05/09 17:44:28 respuesta del servidor: 200 OK
2024/05/09 17:44:37 
Se planifica por Round Robin
2024/05/09 17:44:37 
Planifico por RR switch case 2
2024/05/09 17:44:37 respuesta del servidor: 200 OK
2024/05/09 17:44:43 
Se planifica por Round Robin
2024/05/09 17:44:43 
Planifico por RR switch case 2
2024/05/09 17:44:43 respuesta del servidor: 200 OK
2024/05/09 17:44:46 
Se planifica por Round Robin
2024/05/09 17:44:46 
Planifico por RR switch case 2
2024/05/09 17:44:46 respuesta del servidor: 200 OK
2024/05/09 17:44:48 
Se planifica por Round Robin
2024/05/09 17:44:48 
Planifico por RR switch case 2
2024/05/09 17:44:48 respuesta del servidor: 200 OK
2024/05/09 17:44:50 
Se planifica por Round Robin
2024/05/09 17:44:50 
Planifico por RR switch case 2
2024/05/09 17:44:50 respuesta del servidor: 200 OK
2024/05/09 17:45:33 
Se planifica por FIFO
2024/05/09 17:45:33 
Planifico por FIFO switch case 1
2024/05/09 17:45:33 respuesta del servidor: 200 OK
