2024/05/06 21:11:58 se creo proceso exitosamente
2024/05/06 22:07:34 se creo proceso exitosamente
2024/05/06 22:17:29 se creo proceso exitosamente
2024/05/06 22:18:36 se creo proceso exitosamente
2024/05/06 22:20:51 se creo proceso exitosamente
2024/05/06 22:23:19 se creo proceso exitosamente
2024/05/10 21:16:31 se creo proceso exitosamente
2024/05/10 21:17:18 1
2024/05/10 21:19:25 se creo proceso exitosamente
2024/05/10 21:19:31 1
2024/05/10 21:19:31 [SET AX 1 SET BX 1 SUM AX BX EXIT]
2024/05/10 21:20:39 se creo proceso exitosamente
2024/05/10 21:20:46 1
2024/05/10 21:20:46 [SET AX 1 SET BX 1 SUM AX BX EXIT]
2024/05/10 21:20:46 1
2024/05/10 21:20:46 SET BX 1
2024/05/10 21:20:46 se creo proceso exitosamente
2024/05/10 21:23:06 se creo proceso exitosamente
2024/05/10 21:23:14 1
2024/05/10 21:23:14 [SET AX 1 SET BX 1 SUM AX BX EXIT]
2024/05/10 21:23:14 1
2024/05/10 21:23:14 SET BX 1
2024/05/23 12:20:35 32
2024/05/23 12:20:35 [SET AX 1 SET BX 1 SUM AX BX EXIT]
2024/05/23 12:21:13 32
2024/05/23 12:21:13 SET AX 1
2024/05/23 12:22:52 32
2024/05/23 12:22:52 SET AX 1
2024/05/23 16:03:06 [[SET AX 1 SET BX 1 SUM AX BX SUB AX BX IO_GEN_SLEEP Teclado 20 EXIT]]
2024/05/23 16:12:51 [[SET AX 1 SET BX 1 SUM AX BX SUB AX BX IO_GEN_SLEEP Teclado 20 EXIT] [SET AX 1 SET BX 1 SUM AX BX SUB AX BX IO_GEN_SLEEP Teclado 20 EXIT]]
2024/05/23 16:16:28 [[SET AX 1 SET BX 1 SUM AX BX SUB AX BX IO_GEN_SLEEP Teclado 20 EXIT] [SET AX 1 SET BX 1 SUM AX BX SUB AX BX IO_GEN_SLEEP Teclado 20 EXIT] [SET AX 1 SET BX 1 SUM AX BX SUB AX BX IO_GEN_SLEEP Teclado 20 EXIT]]
2024/05/23 16:18:26 [[SET AX 1 SET BX 1 SUM AX BX SUB AX BX IO_GEN_SLEEP Teclado 20 EXIT]]
2024/05/23 16:18:26 0
2024/05/23 16:18:26 0
2024/05/23 16:18:26 0
2024/05/23 16:18:26 0
2024/05/23 16:18:26 SET AX 1
2024/05/23 16:18:31 1
2024/05/23 16:18:31 0
2024/05/23 16:18:31 0
2024/05/23 16:18:31 1
2024/05/23 16:18:31 SET BX 1
2024/05/23 16:18:36 2
2024/05/23 16:18:36 0
2024/05/23 16:18:36 0
2024/05/23 16:18:36 2
2024/05/23 16:18:36 SUM AX BX
2024/05/23 16:18:41 3
2024/05/23 16:18:41 0
2024/05/23 16:18:41 0
2024/05/23 16:18:41 3
2024/05/23 16:18:41 SUB AX BX
2024/05/23 16:18:46 4
2024/05/23 16:18:46 0
2024/05/23 16:18:46 0
2024/05/23 16:18:46 4
2024/05/23 16:18:46 IO_GEN_SLEEP Teclado 20
2024/05/23 16:18:51 5
2024/05/23 16:18:51 0
2024/05/23 16:18:51 0
2024/05/23 16:18:51 5
2024/05/23 16:18:51 EXIT
2024/05/23 16:26:24 [[SET AX 1 SET BX 1 SUM AX BX SUB AX BX IO_GEN_SLEEP Teclado 20 EXIT] [SET AX 1 SET BX 1 SUM AX BX SUB AX BX IO_GEN_SLEEP Teclado 20 EXIT]]
2024/05/23 16:26:24 0
2024/05/23 16:26:24 0
2024/05/23 16:26:24 0
2024/05/23 16:26:24 0
2024/05/23 16:26:24 SET AX 1
2024/05/23 16:26:29 1
2024/05/23 16:26:29 0
2024/05/23 16:26:29 0
2024/05/23 16:26:29 1
2024/05/23 16:26:29 SET BX 1
2024/05/23 16:26:34 2
2024/05/23 16:26:34 0
2024/05/23 16:26:34 0
2024/05/23 16:26:34 2
2024/05/23 16:26:34 SUM AX BX
2024/05/23 16:26:39 3
2024/05/23 16:26:39 0
2024/05/23 16:26:39 0
2024/05/23 16:26:39 3
2024/05/23 16:26:39 SUB AX BX
2024/05/23 16:26:44 4
2024/05/23 16:26:44 0
2024/05/23 16:26:44 0
2024/05/23 16:26:44 4
2024/05/23 16:26:44 IO_GEN_SLEEP Teclado 20
2024/05/23 16:26:49 5
2024/05/23 16:26:49 0
2024/05/23 16:26:49 0
2024/05/23 16:26:49 5
2024/05/23 16:26:49 EXIT
2024/05/23 16:30:24 [[SET AX 1 SET BX 1 SUM AX BX SUB AX BX IO_GEN_SLEEP Teclado 20 EXIT] [SET AX 1 SET BX 1 SUM AX BX SUB AX BX IO_GEN_SLEEP Teclado 20 EXIT] [SET AX 1 SET BX 1 SUM AX BX SUB AX BX IO_GEN_SLEEP Teclado 20 EXIT]]
2024/05/23 16:30:24 0
2024/05/23 16:30:24 0
2024/05/23 16:30:24 0
2024/05/23 16:30:24 0
2024/05/23 16:30:24 SET AX 1
2024/05/23 16:30:29 1
2024/05/23 16:30:29 0
2024/05/23 16:30:29 0
2024/05/23 16:30:29 1
2024/05/23 16:30:29 SET BX 1
2024/05/23 16:30:34 2
2024/05/23 16:30:34 0
2024/05/23 16:30:34 0
2024/05/23 16:30:34 2
2024/05/23 16:30:34 SUM AX BX
2024/05/23 16:30:39 3
2024/05/23 16:30:39 0
2024/05/23 16:30:39 0
2024/05/23 16:30:39 3
2024/05/23 16:30:39 SUB AX BX
2024/05/23 16:30:44 4
2024/05/23 16:30:44 0
2024/05/23 16:30:44 0
2024/05/23 16:30:44 4
2024/05/23 16:30:44 IO_GEN_SLEEP Teclado 20
2024/05/23 16:30:49 5
2024/05/23 16:30:49 0
2024/05/23 16:30:49 0
2024/05/23 16:30:49 5
2024/05/23 16:30:49 EXIT
2024/05/23 16:31:09 [[SET AX 1 SET BX 1 SUM AX BX SUB AX BX IO_GEN_SLEEP Teclado 20 EXIT] [SET AX 1 SET BX 1 SUM AX BX SUB AX BX IO_GEN_SLEEP Teclado 20 EXIT] [SET AX 1 SET BX 1 SUM AX BX SUB AX BX IO_GEN_SLEEP Teclado 20 EXIT] [SET AX 1 SET BX 1 SUM AX BX SUB AX BX IO_GEN_SLEEP Teclado 20 EXIT]]
2024/05/23 16:40:38 [[SET AX 1 SET BX 1 SUM AX BX SUB AX BX IO_GEN_SLEEP Teclado 20 EXIT]]
2024/05/23 16:40:38 0
2024/05/23 16:40:38 0
2024/05/23 16:40:38 0
2024/05/23 16:40:38 0
2024/05/23 16:40:38 SET AX 1
2024/05/23 16:40:43 1
2024/05/23 16:40:43 0
2024/05/23 16:40:43 0
2024/05/23 16:40:43 1
2024/05/23 16:40:43 SET BX 1
2024/05/23 16:40:48 2
2024/05/23 16:40:48 0
2024/05/23 16:40:48 0
2024/05/23 16:40:48 2
2024/05/23 16:40:48 SUM AX BX
2024/05/23 16:40:53 3
2024/05/23 16:40:53 0
2024/05/23 16:40:53 0
2024/05/23 16:40:53 3
2024/05/23 16:40:53 SUB AX BX
2024/05/23 16:40:58 4
2024/05/23 16:40:58 0
2024/05/23 16:40:58 0
2024/05/23 16:40:58 4
2024/05/23 16:40:58 IO_GEN_SLEEP Teclado 20
2024/05/23 16:41:03 5
2024/05/23 16:41:03 0
2024/05/23 16:41:03 0
2024/05/23 16:41:03 5
2024/05/23 16:41:03 EXIT
2024/05/23 16:42:57 [[SET AX 1 SET BX 1 SUM AX BX SUB AX BX IO_GEN_SLEEP Teclado 20 EXIT] [SET AX 1 SET BX 1 SUM AX BX SUB AX BX IO_GEN_SLEEP Teclado 20 EXIT]]
2024/05/23 16:45:16 [[SET AX 1 SET BX 1 SUM AX BX SUB AX BX IO_GEN_SLEEP Teclado 20 EXIT]]
2024/05/23 16:45:16 0
2024/05/23 16:45:16 0
2024/05/23 16:45:16 0
2024/05/23 16:45:16 0
2024/05/23 16:45:16 SET AX 1
2024/05/23 16:45:21 1
2024/05/23 16:45:21 0
2024/05/23 16:45:21 0
2024/05/23 16:45:21 1
2024/05/23 16:45:21 SET BX 1
2024/05/23 16:45:26 2
2024/05/23 16:45:26 0
2024/05/23 16:45:26 0
2024/05/23 16:45:26 2
2024/05/23 16:45:26 SUM AX BX
2024/05/23 16:45:31 3
2024/05/23 16:45:31 0
2024/05/23 16:45:31 0
2024/05/23 16:45:31 3
2024/05/23 16:45:31 SUB AX BX
2024/05/23 16:45:36 4
2024/05/23 16:45:36 0
2024/05/23 16:45:36 0
2024/05/23 16:45:36 4
2024/05/23 16:45:36 IO_GEN_SLEEP Teclado 20
2024/05/23 16:45:41 5
2024/05/23 16:45:41 0
2024/05/23 16:45:41 0
2024/05/23 16:45:41 5
2024/05/23 16:45:41 EXIT
2024/05/23 16:46:22 [[SET AX 1 SET BX 1 SUM AX BX SUB AX BX IO_GEN_SLEEP Teclado 20 EXIT] [SET AX 1 SET BX 1 SUM AX BX SUB AX BX IO_GEN_SLEEP Teclado 20 EXIT]]
2024/05/23 16:53:35 [[SET AX 1 SET BX 1 SUM AX BX SUB AX BX IO_GEN_SLEEP Teclado 20 EXIT] [SET AX 1 SET BX 1 SUM AX BX SUB AX BX IO_GEN_SLEEP Teclado 20 EXIT] [SET AX 1 SET BX 1 SUM AX BX SUB AX BX IO_GEN_SLEEP Teclado 20 EXIT]]
2024/05/23 16:53:35 0
2024/05/23 16:53:35 0
2024/05/23 16:53:35 0
2024/05/23 16:53:35 0
2024/05/23 16:53:35 SET AX 1
2024/05/23 16:53:40 1
2024/05/23 16:53:40 0
2024/05/23 16:53:40 0
2024/05/23 16:53:40 1
2024/05/23 16:53:40 SET BX 1
2024/05/23 16:53:45 2
2024/05/23 16:53:45 0
2024/05/23 16:53:45 0
2024/05/23 16:53:45 2
2024/05/23 16:53:45 SUM AX BX
2024/05/23 16:53:50 3
2024/05/23 16:53:50 0
2024/05/23 16:53:50 0
2024/05/23 16:53:50 3
2024/05/23 16:53:50 SUB AX BX
2024/05/23 16:53:55 4
2024/05/23 16:53:55 0
2024/05/23 16:53:55 0
2024/05/23 16:53:55 4
2024/05/23 16:53:55 IO_GEN_SLEEP Teclado 20
2024/05/23 16:54:00 5
2024/05/23 16:54:00 0
2024/05/23 16:54:00 0
2024/05/23 16:54:00 5
2024/05/23 16:54:00 EXIT
2024/05/23 16:54:50 [[SET AX 1 SET BX 1 SUM AX BX SUB AX BX IO_GEN_SLEEP Teclado 20 EXIT] [SET AX 1 SET BX 1 SUM AX BX SUB AX BX IO_GEN_SLEEP Teclado 20 EXIT] [SET AX 1 SET BX 1 SUM AX BX SUB AX BX IO_GEN_SLEEP Teclado 20 EXIT] [SET AX 1 SET BX 1 SUM AX BX SUB AX BX IO_GEN_SLEEP Teclado 20 EXIT]]
