2024/05/21 19:20:57 open conigGenerico.json: no such file or directory
2024/05/21 19:44:05 

 Iniciando bloqueo de io
2024/05/21 19:44:08 

 Finalizado bloqueo de io
2024/05/21 19:44:25 

 Iniciando bloqueo de io
2024/05/21 19:44:50 

 Finalizado bloqueo de io
2024/05/21 20:56:40 open configGeneric.json: no such file or directory
2024/05/21 20:57:09 
Configuracion cargada con exito!
2024/05/21 21:06:01 

 Iniciando bloqueo de io
2024/05/21 21:06:03 

 Finalizado bloqueo de io
2024/05/21 21:15:39 
Configuracion cargada con exito!
2024/05/21 21:51:27 
Configuracion cargada con exito!
2024/05/21 21:54:46 

 Iniciando bloqueo de io
2024/05/21 21:54:49 

 Finalizado bloqueo de io
2024/05/21 21:58:49 

 Iniciando bloqueo de io
2024/05/21 21:58:51 

 Finalizado bloqueo de io
2024/05/21 21:59:47 
Configuracion cargada con exito!
2024/05/21 22:13:19 

 Iniciando bloqueo de io
2024/05/21 22:13:22 

 Finalizado bloqueo de io
2024/05/22 10:40:23 
Configuracion cargada con exito!
2024/05/22 10:42:13 

 Iniciando bloqueo de io
2024/05/22 10:42:16 

 Finalizado bloqueo de io
2024/05/22 11:38:41 
Configuracion cargada con exito!
2024/05/22 11:39:45 

 Iniciando bloqueo de io
2024/05/22 11:39:48 

 Finalizado bloqueo de io
2024/05/22 11:51:24 
Configuracion cargada con exito!
2024/05/22 11:51:24 respuesta del servidor: 405 Method Not Allowed
2024/05/22 11:52:12 
Configuracion cargada con exito!
2024/05/22 11:52:12 respuesta del servidor: 200 OK
2024/05/22 11:52:57 
Configuracion cargada con exito!
2024/05/22 11:52:57 respuesta del servidor: 200 OK
2024/05/22 12:00:09 
Configuracion cargada con exito!
2024/05/22 12:00:09 respuesta del servidor: 200 OK
2024/05/22 12:00:23 
Configuracion cargada con exito!
2024/05/22 12:00:23 respuesta del servidor: 200 OK
2024/05/22 12:01:35 
Configuracion cargada con exito!
2024/05/22 12:01:35 respuesta del servidor: 200 OK
2024/05/22 12:01:56 
Configuracion cargada con exito!
2024/05/22 12:01:56 respuesta del servidor: 200 OK
2024/05/22 12:06:12 
Configuracion cargada con exito!
2024/05/22 12:06:12 respuesta del servidor: 200 OK
2024/05/22 12:06:15 

 Iniciando bloqueo de io
2024/05/22 12:06:17 

 Finalizado bloqueo de io
2024/05/22 12:11:27 
Configuracion cargada con exito!
2024/05/22 12:11:27 respuesta del servidor: 200 OK
2024/05/22 12:11:35 

 Iniciando bloqueo de io
2024/05/22 12:12:00 

 Finalizado bloqueo de io
2024/05/22 12:12:49 
Configuracion cargada con exito!
2024/05/22 12:12:49 respuesta del servidor: 200 OK
2024/05/22 12:13:40 

 Iniciando bloqueo de io
2024/05/22 12:13:40 

 Iniciando bloqueo de io
2024/05/22 12:14:05 

 Finalizado bloqueo de io
2024/05/22 12:14:05 

 Finalizado bloqueo de io
2024/05/22 22:38:51 
Configuracion cargada con exito!
2024/05/22 22:38:51 respuesta del servidor: 200 OK
2024/05/22 22:42:10 
Configuracion cargada con exito!
2024/05/22 22:42:10 respuesta del servidor: 200 OK
2024/05/22 22:42:50 

 Iniciando bloqueo de io
2024/05/22 22:44:36 
Configuracion cargada con exito!
2024/05/22 22:44:36 respuesta del servidor: 200 OK
2024/05/22 22:45:00 

 Iniciando bloqueo de io
2024/05/22 22:46:23 
Configuracion cargada con exito!
2024/05/22 22:46:23 respuesta del servidor: 200 OK
2024/05/22 22:46:35 

 Iniciando bloqueo de io
2024/05/22 22:54:46 
Configuracion cargada con exito!
2024/05/22 22:54:46 respuesta del servidor: 200 OK
2024/05/22 22:55:01 

 Iniciando bloqueo de io
2024/05/22 22:55:24 
Configuracion cargada con exito!
2024/05/22 22:55:24 respuesta del servidor: 200 OK
2024/05/22 22:55:31 

 Iniciando bloqueo de io
2024/05/22 22:56:26 
Configuracion cargada con exito!
2024/05/22 22:56:26 respuesta del servidor: 200 OK
2024/05/22 22:56:38 

 Iniciando bloqueo de io
2024/05/23 13:56:33 
Configuracion cargada con exito!
2024/05/23 13:56:33 respuesta del servidor: 200 OK
2024/05/23 13:56:38 

 Iniciando bloqueo de io
2024/05/23 16:00:43 
Configuracion cargada con exito!
2024/05/23 16:00:43 respuesta del servidor: 200 OK
2024/05/23 16:12:12 
Configuracion cargada con exito!
2024/05/23 16:12:12 respuesta del servidor: 200 OK
2024/05/23 16:16:13 
Configuracion cargada con exito!
2024/05/23 16:16:13 respuesta del servidor: 200 OK
2024/05/23 16:18:10 
Configuracion cargada con exito!
2024/05/23 16:18:10 respuesta del servidor: 200 OK
2024/05/23 16:18:51 

 Iniciando bloqueo de io
2024/05/23 16:18:56 

 Finalizado bloqueo de io
2024/05/23 16:26:16 
Configuracion cargada con exito!
2024/05/23 16:26:16 respuesta del servidor: 200 OK
2024/05/23 16:26:49 

 Iniciando bloqueo de io
2024/05/23 16:26:54 

 Finalizado bloqueo de io
2024/05/23 16:26:54 

 Iniciando bloqueo de io
2024/05/23 16:26:59 

 Finalizado bloqueo de io
2024/05/23 16:26:59 

 Iniciando bloqueo de io
2024/05/23 16:27:04 

 Finalizado bloqueo de io
2024/05/23 16:27:04 

 Iniciando bloqueo de io
2024/05/23 16:27:09 

 Finalizado bloqueo de io
2024/05/23 16:27:09 

 Iniciando bloqueo de io
2024/05/23 16:27:14 

 Finalizado bloqueo de io
2024/05/23 16:27:14 

 Iniciando bloqueo de io
2024/05/23 16:27:19 

 Finalizado bloqueo de io
2024/05/23 16:27:19 

 Iniciando bloqueo de io
2024/05/23 16:27:24 

 Finalizado bloqueo de io
2024/05/23 16:27:24 

 Iniciando bloqueo de io
2024/05/23 16:27:29 

 Finalizado bloqueo de io
2024/05/23 16:27:29 

 Iniciando bloqueo de io
2024/05/23 16:27:34 

 Finalizado bloqueo de io
2024/05/23 16:27:34 

 Iniciando bloqueo de io
2024/05/23 16:27:39 

 Finalizado bloqueo de io
2024/05/23 16:27:39 

 Iniciando bloqueo de io
2024/05/23 16:27:44 

 Finalizado bloqueo de io
2024/05/23 16:27:44 

 Iniciando bloqueo de io
2024/05/23 16:27:49 

 Finalizado bloqueo de io
2024/05/23 16:27:49 

 Iniciando bloqueo de io
2024/05/23 16:27:54 

 Finalizado bloqueo de io
2024/05/23 16:27:54 

 Iniciando bloqueo de io
2024/05/23 16:27:59 

 Finalizado bloqueo de io
2024/05/23 16:27:59 

 Iniciando bloqueo de io
2024/05/23 16:28:04 

 Finalizado bloqueo de io
2024/05/23 16:28:04 

 Iniciando bloqueo de io
2024/05/23 16:28:09 

 Finalizado bloqueo de io
2024/05/23 16:28:09 

 Iniciando bloqueo de io
2024/05/23 16:28:14 

 Finalizado bloqueo de io
2024/05/23 16:28:14 

 Iniciando bloqueo de io
2024/05/23 16:28:19 

 Finalizado bloqueo de io
2024/05/23 16:28:19 

 Iniciando bloqueo de io
2024/05/23 16:28:24 

 Finalizado bloqueo de io
2024/05/23 16:28:24 

 Iniciando bloqueo de io
2024/05/23 16:28:29 

 Finalizado bloqueo de io
2024/05/23 16:28:29 

 Iniciando bloqueo de io
2024/05/23 16:28:34 

 Finalizado bloqueo de io
2024/05/23 16:28:34 

 Iniciando bloqueo de io
2024/05/23 16:28:39 

 Finalizado bloqueo de io
2024/05/23 16:28:39 

 Iniciando bloqueo de io
2024/05/23 16:28:44 

 Finalizado bloqueo de io
2024/05/23 16:28:44 

 Iniciando bloqueo de io
2024/05/23 16:28:49 

 Finalizado bloqueo de io
2024/05/23 16:28:49 

 Iniciando bloqueo de io
2024/05/23 16:28:54 

 Finalizado bloqueo de io
2024/05/23 16:28:54 

 Iniciando bloqueo de io
2024/05/23 16:28:59 

 Finalizado bloqueo de io
2024/05/23 16:28:59 

 Iniciando bloqueo de io
2024/05/23 16:29:04 

 Finalizado bloqueo de io
2024/05/23 16:29:04 

 Iniciando bloqueo de io
2024/05/23 16:29:09 

 Finalizado bloqueo de io
2024/05/23 16:29:09 

 Iniciando bloqueo de io
2024/05/23 16:29:14 

 Finalizado bloqueo de io
2024/05/23 16:29:14 

 Iniciando bloqueo de io
2024/05/23 16:29:19 

 Finalizado bloqueo de io
2024/05/23 16:29:19 

 Iniciando bloqueo de io
2024/05/23 16:29:24 

 Finalizado bloqueo de io
2024/05/23 16:29:24 

 Iniciando bloqueo de io
2024/05/23 16:29:29 

 Finalizado bloqueo de io
2024/05/23 16:29:29 

 Iniciando bloqueo de io
2024/05/23 16:29:34 

 Finalizado bloqueo de io
2024/05/23 16:29:34 

 Iniciando bloqueo de io
2024/05/23 16:29:39 

 Finalizado bloqueo de io
2024/05/23 16:29:39 

 Iniciando bloqueo de io
2024/05/23 16:29:44 

 Finalizado bloqueo de io
2024/05/23 16:29:44 

 Iniciando bloqueo de io
2024/05/23 16:29:49 

 Finalizado bloqueo de io
2024/05/23 16:29:49 

 Iniciando bloqueo de io
2024/05/23 16:29:54 

 Finalizado bloqueo de io
2024/05/23 16:29:54 

 Iniciando bloqueo de io
2024/05/23 16:30:19 
Configuracion cargada con exito!
2024/05/23 16:30:19 respuesta del servidor: 200 OK
2024/05/23 16:30:49 

 Iniciando bloqueo de io
2024/05/23 16:30:54 

 Finalizado bloqueo de io
2024/05/23 16:40:17 
Configuracion cargada con exito!
2024/05/23 16:40:17 respuesta del servidor: 200 OK
2024/05/23 16:41:03 

 Iniciando bloqueo de io
2024/05/23 16:41:08 

 Finalizado bloqueo de io
2024/05/23 16:45:06 
Configuracion cargada con exito!
2024/05/23 16:45:06 respuesta del servidor: 200 OK
2024/05/23 16:45:41 

 Iniciando bloqueo de io
2024/05/23 16:45:46 

 Finalizado bloqueo de io
2024/05/23 16:53:29 
Configuracion cargada con exito!
2024/05/23 16:53:29 respuesta del servidor: 200 OK
2024/05/23 16:54:00 

 Iniciando bloqueo de io
2024/05/23 16:54:05 

 Finalizado bloqueo de io
